2025-10-09 14:03:23,608 - app.services.sonarqube_service - INFO - Running SonarScanner for scan_1759993403_87b7e4f5
2025-10-09 14:03:46,272 - app.services.sonarqube_service - INFO - Waiting for scan results, attempt 1/15
2025-10-09 14:03:49,358 - app.services.sonarqube_service - INFO - Fetching code snippet for issue cf447903-c790-46dc-b67e-d770787b358f at scan_1759993403_87b7e4f5:FormTest/FormTest/Practice1.aspx:5
2025-10-09 14:03:49,367 - app.services.sonarqube_service - WARNING - API failed for issue cf447903-c790-46dc-b67e-d770787b358f: 403 {"errors":[{"msg":"Insufficient privileges"}]}
2025-10-09 14:03:49,373 - app.services.sonarqube_service - INFO - Fallback snippet retrieved for cf447903-c790-46dc-b67e-d770787b358f from /var/folders/6t/ky8gxw4n4jxdv58crn7bjm9c0000gn/T/tmpt0mksjso/FormTest/FormTest/Practice1.aspx
2025-10-09 14:03:49,373 - app.services.sonarqube_service - INFO - Fetching code snippet for issue 33e24793-54be-4cef-9c6c-b759c110203e at scan_1759993403_87b7e4f5:FormTest/FormTest/Practice1.aspx:28
2025-10-09 14:03:49,382 - app.services.sonarqube_service - WARNING - API failed for issue 33e24793-54be-4cef-9c6c-b759c110203e: 403 {"errors":[{"msg":"Insufficient privileges"}]}
2025-10-09 14:03:49,383 - app.services.sonarqube_service - INFO - Fallback snippet retrieved for 33e24793-54be-4cef-9c6c-b759c110203e from /var/folders/6t/ky8gxw4n4jxdv58crn7bjm9c0000gn/T/tmpt0mksjso/FormTest/FormTest/Practice1.aspx
2025-10-09 14:03:49,383 - app.services.sonarqube_service - INFO - Fetching code snippet for issue a40cc400-22a7-48b3-b39f-2394e738e2ed at scan_1759993403_87b7e4f5:FormTest/FormTest/Practice1.aspx:81
2025-10-09 14:03:49,390 - app.services.sonarqube_service - WARNING - API failed for issue a40cc400-22a7-48b3-b39f-2394e738e2ed: 403 {"errors":[{"msg":"Insufficient privileges"}]}
2025-10-09 14:03:49,390 - app.services.sonarqube_service - INFO - Fallback snippet retrieved for a40cc400-22a7-48b3-b39f-2394e738e2ed from /var/folders/6t/ky8gxw4n4jxdv58crn7bjm9c0000gn/T/tmpt0mksjso/FormTest/FormTest/Practice1.aspx
2025-10-09 14:03:49,390 - app.services.sonarqube_service - INFO - Fetching code snippet for issue 0c41a88a-18a3-4a00-a7ce-23ae4728b163 at scan_1759993403_87b7e4f5:FormTest/FormTest/Practice1.aspx:90
2025-10-09 14:03:49,397 - app.services.sonarqube_service - WARNING - API failed for issue 0c41a88a-18a3-4a00-a7ce-23ae4728b163: 403 {"errors":[{"msg":"Insufficient privileges"}]}
2025-10-09 14:03:49,397 - app.services.sonarqube_service - INFO - Fallback snippet retrieved for 0c41a88a-18a3-4a00-a7ce-23ae4728b163 from /var/folders/6t/ky8gxw4n4jxdv58crn7bjm9c0000gn/T/tmpt0mksjso/FormTest/FormTest/Practice1.aspx
2025-10-09 14:03:49,397 - app.services.sonarqube_service - INFO - Fetching code snippet for issue e0a9a588-d6e9-4d0f-bd58-5a7f50c4eb06 at scan_1759993403_87b7e4f5:FormTest/FormTest/Practice1.aspx:98
2025-10-09 14:03:49,406 - app.services.sonarqube_service - WARNING - API failed for issue e0a9a588-d6e9-4d0f-bd58-5a7f50c4eb06: 403 {"errors":[{"msg":"Insufficient privileges"}]}
2025-10-09 14:03:49,407 - app.services.sonarqube_service - INFO - Fallback snippet retrieved for e0a9a588-d6e9-4d0f-bd58-5a7f50c4eb06 from /var/folders/6t/ky8gxw4n4jxdv58crn7bjm9c0000gn/T/tmpt0mksjso/FormTest/FormTest/Practice1.aspx
2025-10-09 14:03:49,407 - app.services.sonarqube_service - INFO - Fetching code snippet for issue 0b609293-be24-4d8d-886f-f7980ba91e5f at scan_1759993403_87b7e4f5:FormTest/FormTest/Practice1.aspx:107
2025-10-09 14:03:49,414 - app.services.sonarqube_service - WARNING - API failed for issue 0b609293-be24-4d8d-886f-f7980ba91e5f: 403 {"errors":[{"msg":"Insufficient privileges"}]}
2025-10-09 14:03:49,414 - app.services.sonarqube_service - INFO - Fallback snippet retrieved for 0b609293-be24-4d8d-886f-f7980ba91e5f from /var/folders/6t/ky8gxw4n4jxdv58crn7bjm9c0000gn/T/tmpt0mksjso/FormTest/FormTest/Practice1.aspx
2025-10-09 14:03:49,414 - app.services.sonarqube_service - INFO - Fetching code snippet for issue ccacfa92-a6c3-4dd1-bd57-b196f4b35e36 at scan_1759993403_87b7e4f5:FormTest/FormTest/Practice1.aspx:116
2025-10-09 14:03:49,420 - app.services.sonarqube_service - WARNING - API failed for issue ccacfa92-a6c3-4dd1-bd57-b196f4b35e36: 403 {"errors":[{"msg":"Insufficient privileges"}]}
2025-10-09 14:03:49,420 - app.services.sonarqube_service - INFO - Fallback snippet retrieved for ccacfa92-a6c3-4dd1-bd57-b196f4b35e36 from /var/folders/6t/ky8gxw4n4jxdv58crn7bjm9c0000gn/T/tmpt0mksjso/FormTest/FormTest/Practice1.aspx
2025-10-09 14:03:49,420 - app.services.sonarqube_service - INFO - Scan completed for scan_1759993403_87b7e4f5: 7 issues found
2025-10-09 16:30:40,723 - httpx - INFO - HTTP Request: POST http://localhost:1280/realms/fastapi-realm/realms/fastapi-realm/protocol/openid-connect/token "HTTP/1.1 404 Not Found"
2025-10-09 16:33:29,705 - httpx - INFO - HTTP Request: POST http://localhost:1280/realms/fastapi-realm/realms/fastapi-realm/protocol/openid-connect/token "HTTP/1.1 404 Not Found"
2025-10-09 16:36:57,696 - httpx - INFO - HTTP Request: POST http://localhost:1280/realms/fastapi-realm/realms/fastapi-realm/protocol/openid-connect/token "HTTP/1.1 404 Not Found"
2025-10-09 16:43:08,021 - httpx - INFO - HTTP Request: POST http://localhost:1280/realms/master/protocol/openid-connect/token "HTTP/1.1 401 Unauthorized"
2025-10-09 16:43:08,025 - httpx - INFO - HTTP Request: POST http://localhost:1280/realms/master/protocol/openid-connect/token "HTTP/1.1 401 Unauthorized"
2025-10-09 16:43:42,305 - httpx - INFO - HTTP Request: POST http://localhost:1280/realms/master/protocol/openid-connect/token "HTTP/1.1 401 Unauthorized"
2025-10-09 16:43:42,312 - httpx - INFO - HTTP Request: POST http://localhost:1280/realms/master/protocol/openid-connect/token "HTTP/1.1 401 Unauthorized"
2025-10-09 16:44:14,059 - httpx - INFO - HTTP Request: POST http://localhost:1280/realms/fastapi-realm/realms/master/protocol/openid-connect/token "HTTP/1.1 404 Not Found"
2025-10-09 16:44:14,061 - httpx - INFO - HTTP Request: POST http://localhost:1280/realms/fastapi-realm/realms/master/protocol/openid-connect/token "HTTP/1.1 404 Not Found"
2025-10-09 16:46:04,318 - httpx - INFO - HTTP Request: POST http://localhost:1280/realms/fastapi-realm/realms/fastapi-realm/protocol/openid-connect/token "HTTP/1.1 404 Not Found"
2025-10-09 16:46:04,321 - httpx - INFO - HTTP Request: POST http://localhost:1280/realms/fastapi-realm/realms/fastapi-realm/protocol/openid-connect/token "HTTP/1.1 404 Not Found"
2025-10-09 16:47:05,796 - httpx - INFO - HTTP Request: POST http://localhost:1280/realms/fastapi-realm/protocol/openid-connect/token "HTTP/1.1 401 Unauthorized"
2025-10-09 16:47:05,800 - httpx - INFO - HTTP Request: POST http://localhost:1280/realms/fastapi-realm/protocol/openid-connect/token "HTTP/1.1 401 Unauthorized"
2025-10-09 16:50:01,381 - httpx - INFO - HTTP Request: POST http://localhost:1280/realms/fastapi-realm/protocol/openid-connect/token "HTTP/1.1 200 OK"
2025-10-09 16:50:01,441 - httpx - INFO - HTTP Request: POST http://localhost:1280/admin/realms/fastapi-realm/users "HTTP/1.1 201 Created"
2025-10-09 16:50:01,471 - httpx - INFO - HTTP Request: GET http://localhost:1280/admin/realms/fastapi-realm/users?username=bredbank "HTTP/1.1 200 OK"
2025-10-09 16:50:01,524 - httpx - INFO - HTTP Request: PUT http://localhost:1280/admin/realms/fastapi-realm/users/c617524f-7af9-4824-87cf-3d3df181b2da/reset-password "HTTP/1.1 204 No Content"
2025-10-09 21:49:51,146 - httpx - INFO - HTTP Request: POST http://localhost:1280/realms/fastapi-realm/protocol/openid-connect/token "HTTP/1.1 200 OK"
2025-10-09 21:49:51,198 - httpx - INFO - HTTP Request: POST http://localhost:1280/admin/realms/fastapi-realm/users "HTTP/1.1 409 Conflict"
2025-10-09 21:50:48,516 - httpx - INFO - HTTP Request: POST http://localhost:1280/realms/fastapi-realm/protocol/openid-connect/token "HTTP/1.1 200 OK"
2025-10-09 21:50:48,574 - httpx - INFO - HTTP Request: POST http://localhost:1280/admin/realms/fastapi-realm/users "HTTP/1.1 409 Conflict"
2025-10-09 21:50:54,591 - httpx - INFO - HTTP Request: POST http://localhost:1280/realms/fastapi-realm/protocol/openid-connect/token "HTTP/1.1 200 OK"
2025-10-09 21:50:54,624 - httpx - INFO - HTTP Request: POST http://localhost:1280/admin/realms/fastapi-realm/users "HTTP/1.1 409 Conflict"
2025-10-09 21:52:53,468 - httpx - INFO - HTTP Request: POST http://localhost:1280/realms/fastapi-realm/protocol/openid-connect/token "HTTP/1.1 200 OK"
2025-10-09 21:52:53,510 - httpx - INFO - HTTP Request: POST http://localhost:1280/admin/realms/fastapi-realm/users "HTTP/1.1 400 Bad Request"
2025-10-09 21:53:10,099 - httpx - INFO - HTTP Request: POST http://localhost:1280/realms/fastapi-realm/protocol/openid-connect/token "HTTP/1.1 200 OK"
2025-10-09 21:53:10,133 - httpx - INFO - HTTP Request: POST http://localhost:1280/admin/realms/fastapi-realm/users "HTTP/1.1 400 Bad Request"
2025-10-09 21:53:58,093 - httpx - INFO - HTTP Request: POST http://localhost:1280/realms/fastapi-realm/protocol/openid-connect/token "HTTP/1.1 200 OK"
2025-10-09 21:53:58,150 - httpx - INFO - HTTP Request: POST http://localhost:1280/admin/realms/fastapi-realm/users "HTTP/1.1 201 Created"
2025-10-09 21:53:58,171 - httpx - INFO - HTTP Request: GET http://localhost:1280/admin/realms/fastapi-realm/users?username=string "HTTP/1.1 200 OK"
2025-10-09 21:53:58,256 - httpx - INFO - HTTP Request: PUT http://localhost:1280/admin/realms/fastapi-realm/users/b9b8adde-6454-4726-82c7-63c1467578fd/reset-password "HTTP/1.1 204 No Content"
2025-10-09 21:54:50,093 - httpx - INFO - HTTP Request: POST http://localhost:1280/realms/fastapi-realm/protocol/openid-connect/token "HTTP/1.1 200 OK"
2025-10-09 21:54:50,135 - httpx - INFO - HTTP Request: POST http://localhost:1280/admin/realms/fastapi-realm/users "HTTP/1.1 201 Created"
2025-10-09 21:54:50,143 - httpx - INFO - HTTP Request: GET http://localhost:1280/admin/realms/fastapi-realm/users?username=string "HTTP/1.1 200 OK"
2025-10-09 21:54:50,193 - httpx - INFO - HTTP Request: PUT http://localhost:1280/admin/realms/fastapi-realm/users/3b68e592-8f70-4c75-98ac-71ac749bb519/reset-password "HTTP/1.1 204 No Content"
2025-10-09 22:01:10,272 - httpx - INFO - HTTP Request: POST http://localhost:1280/realms/fastapi-realm/protocol/openid-connect/token "HTTP/1.1 200 OK"
2025-10-09 22:01:10,338 - httpx - INFO - HTTP Request: POST http://localhost:1280/admin/realms/fastapi-realm/users "HTTP/1.1 201 Created"
2025-10-09 22:01:10,388 - httpx - INFO - HTTP Request: GET http://localhost:1280/admin/realms/fastapi-realm/users?username=string "HTTP/1.1 200 OK"
2025-10-09 22:01:10,474 - httpx - INFO - HTTP Request: PUT http://localhost:1280/admin/realms/fastapi-realm/users/d60edc6d-1b35-4858-8afc-7a866c78984d/reset-password "HTTP/1.1 204 No Content"
2025-10-09 22:03:26,589 - httpx - INFO - HTTP Request: POST http://localhost:1280/realms/fastapi-realm/protocol/openid-connect/token "HTTP/1.1 200 OK"
2025-10-09 22:03:26,643 - httpx - INFO - HTTP Request: POST http://localhost:1280/admin/realms/fastapi-realm/users "HTTP/1.1 201 Created"
2025-10-09 22:03:26,663 - httpx - INFO - HTTP Request: GET http://localhost:1280/admin/realms/fastapi-realm/users?username=string "HTTP/1.1 200 OK"
2025-10-09 22:03:26,715 - httpx - INFO - HTTP Request: PUT http://localhost:1280/admin/realms/fastapi-realm/users/60ac39f0-f6de-488d-be7a-4de85bd26d18/reset-password "HTTP/1.1 204 No Content"
2025-10-09 22:15:39,460 - httpx - INFO - HTTP Request: POST http://localhost:1280/realms/fastapi-realm/protocol/openid-connect/token "HTTP/1.1 200 OK"
2025-10-09 22:15:39,515 - httpx - INFO - HTTP Request: POST http://localhost:1280/admin/realms/fastapi-realm/users "HTTP/1.1 201 Created"
2025-10-09 22:15:39,562 - httpx - INFO - HTTP Request: GET http://localhost:1280/admin/realms/fastapi-realm/users?username=aapple "HTTP/1.1 200 OK"
2025-10-09 22:15:39,714 - httpx - INFO - HTTP Request: PUT http://localhost:1280/admin/realms/fastapi-realm/users/adf64f86-e022-45b4-bcda-147df82c3d2f/reset-password "HTTP/1.1 204 No Content"
2025-10-09 22:18:37,343 - httpx - INFO - HTTP Request: POST http://localhost:1280/realms/fastapi-realm/protocol/openid-connect/token "HTTP/1.1 200 OK"
2025-10-09 22:18:37,452 - httpx - INFO - HTTP Request: POST http://localhost:1280/admin/realms/fastapi-realm/users "HTTP/1.1 201 Created"
2025-10-09 22:18:37,482 - httpx - INFO - HTTP Request: GET http://localhost:1280/admin/realms/fastapi-realm/users?username=nika "HTTP/1.1 200 OK"
2025-10-09 22:18:37,563 - httpx - INFO - HTTP Request: PUT http://localhost:1280/admin/realms/fastapi-realm/users/eeffe261-7c2f-4d90-a12b-c8e865c34f23/reset-password "HTTP/1.1 204 No Content"
2025-10-09 22:33:00,793 - httpx - INFO - HTTP Request: POST http://localhost:1280/realms/fastapi-realm/protocol/openid-connect/token "HTTP/1.1 200 OK"
2025-10-09 22:43:51,716 - httpx - INFO - HTTP Request: POST http://localhost:1280/realms/fastapi-realm/protocol/openid-connect/token "HTTP/1.1 200 OK"
